    -----DSS---ZOPEN:  Existing File Opened,  File: D:/HEC Model_NEW_4_Models/HEC_LUM_EVE_001/Cali_1_RUN.dss
                       Unit:   87;  DSS Versions - Software: 6-SH, File: 6-SH
    -----DSS *** ZSET ERROR: Illegal Flag; Flag: PSEU  String: ON  Integer:       0
    -----DSS---ZCLOSE Unit:   87,   File: D:/HEC Model_NEW_4_Models/HEC_LUM_EVE_001/Cali_1_RUN.dss
               Pointer Utilization:  0.01
               Number of Records:      1
               File Size:    164.7  Kbytes
               Percent Inactive:  66.0

    -----DSS---ZOPEN:  Existing File Opened,  File: D:/HEC Model_NEW_4_Models/HEC_LUM_EVE_001/Trial_002.dss
                       Unit:   88;  DSS Versions - Software: 6-SH, File: 6-SH
    -----DSS *** ZSET ERROR: Illegal Flag; Flag: PSEU  String: ON  Integer:       0
 -----DSS---ZDELETE Unit   88:  WARNING:  DSS File Now Empty.
    -----DSS---ZOPEN:  Existing File Opened,  File: D:/HEC Model_NEW_4_Models/HEC_LUM_EVE_001/Cali_Trial_1.dss
                       Unit:   89;  DSS Versions - Software: 6-SH, File: 6-SH
    -----DSS *** ZSET ERROR: Illegal Flag; Flag: PSEU  String: ON  Integer:       0
 -----DSS---ZDELETE Unit   89:  WARNING:  DSS File Now Empty.
    -----DSS---ZCLOSE Unit:   88,   File: D:/HEC Model_NEW_4_Models/HEC_LUM_EVE_001/Trial_002.dss
               Pointer Utilization:  0.01
               Number of Records:      0
               File Size:   1240.9  Kbytes
               Percent Inactive: 367.9

    -----DSS---ZCLOSE Unit:   89,   File: D:/HEC Model_NEW_4_Models/HEC_LUM_EVE_001/Cali_Trial_1.dss
               Pointer Utilization:  0.01
               Number of Records:      0
               File Size:    216.4  Kbytes
               Percent Inactive:  78.0

